[   0.0000 Lnux rsio4.15-34-neri(buildd@gw01md6447) cc vsion.3.0Ubun 7.30-16ubutu)) #-Ubuu SM Mn Au27 121:4 UC 20 (Ubtu 415.0-3.3-genic 45.18)[   .00000 Comnd le: BT_IMGE=/botvmliz-4..0-3genec rootABELloudim-rootfs  conle=t1 coole=yS0[   0.0000 KERL suorte cpus:
[    0.000000  Intel Genuinntel
   0.0000] AMDutheicAM
[    0000]   ntau Cntauauls
[    .00000x86/u: Suppoing SAVE featre 001: 87 fatinpoint egsters
   00000] 86fpu:uppoing XSVEfeate 0x02 'SSregiers'
[  0.000000] x86/fpu: Supporting XSAVE feature 0x004: 'AVX registers'
[    0.000000] x86/fpu: xstate_offset[2]:  576, xstate_sizes[2]:  256
[    0.000000] x86/fpu: Enabled xstate features 0x7, context size is 832 bytes, using 'standard' format.
[    0.000000] e820: BIOS-provided physical AM map
    0.0000BIOS-e82: [m 0x00000000000-x000000009bff]sabl
[  0.0000] BIS-820:mem 0000000009c0-0x000000000ffff reserd
[  0.0000] BIS-820 [em 000000000000-000000000fff] rseved[   .00000 BIOe820[mem0x000000001000-0x00000ffefff usae
[  0.0000] OS-e0: [em0x000000ff00-0x00000ffffff ACPdata
[   0.0000] BIOe820[mem0x000000ec000-0x000000c00ff]reseve
[  0.0000]IOS-820: [mem 0x00000000fee00000-0x00000000fee00fff] reserved
[    0.000000] BIOS-e820: [mem 0x0000000fffc0000-0x00000000ffffffff] reserved
[    0.000000] NX (ExecteDisale proteion:acive[    0.000000] SMBIOS 2.5 present.
[    0.000000] DMI: innotek GmbH VirtualBox/VrtualBx, IOS rtuaox 101/26
[   00000] Hyrvis detted:KV
[  0.0000]820:lastpfn =x3ff maxrch_n = 0x000000
[  0.0000]TRR:Diable
    00000]x86/PA: TRRsisabd, spping PAT initialization too.
[    0.000000] CPU MTRRs all blank - virtualized system.
[    0.000000] x86/PAT: Configuration [0-7]: WB  WT  UC- UC  WB  WT  UC- UC  
[    0.000000] found SMP MP-table at[mem 0x09fff0x00ffffmappd t        (trval)
[  0.0000] cannin 1 aea folow memory corruption
[    0.000000] RAMDISK: [mem 0x35ae1000-0x36d67fff]
[    0.000000ACPI: rly ble heksum vificion sabl
[  0.0000]CPI:RSDP0x00000000000000024 02 VX  )
[  0.0000] PI: DT 0000000FFF0030000 (v0VBOX VBOSDT 00001 AS  000061)[   0.00000 API: ACP 0x000000003FFF00F0 0000F4 (v04 VBOX   VBOXFACP 00000001 ASL 000061)
[    00000]ACPIDSDT0x000003FF0470 021FF 02 VX   OXBI 000002 NTL 010528
[  0.0000] ACI:FACSx0000000FFF00 0040
   00000 ACP FAC 00000003FF0000004
[  0.00000] ACPI API0x000000FF020 0000 (v0VBOX VBOPIC 0000 ASL000061)[   .0000] AI: ST 0x000003FF020 001C (v01 VBO  VBOXCP 000002 IN 201528)
[  0.0000] NoUMA nfigatiofoun
[  0.0000] Fang aode at[mem0x00000000000-0x00000ffeff]
   0.0000]ODE_AT(0) locad [m 0x3c500-03ffeff]
[  0.0000kvm-clock: cpu 0 msr 03f4400 priry c clo
[  0.0000]vm-cck: ing sr 4b54d1 an4b5600
[  0.0000]kv-clok: usig ched ofsetf 34485993ycle
[  0.0000] loksouce km-clck: as: 0xfffffffffff ax_cycs: 0xd42effb,max_dle_s: 815909148ns
   0.0000]Zoe raes:[   .0000]  DMA     [me 0000000000000-000000000ffffff]
[    0.000000]   DMA32    [mem 0x00000001000000x0000000ffeff]
   0.0000] Norl   pty[   .00000]  Devce  emty
[   000000]Moble on sar forach ode
[  0.00000] Early memory node ranges
[    0.000000]   node   0: [mem 0x0000000000001000-0x000000000009efff]
[    0.000000]   node   0: [mem 0x0000000000100000-0x000000003ffeffff]
[    0.000000] Initmem setup node 0 [mem 0x0000000000001000-0x000000003ffeffff]
[    0.000000] Reserved but unavailable: 98 pages
[    0.000000] ACPI: PM-Timer IO Port: 0x4008
[    0.000000] IOAPIC[0]: apic_id 2, version 32, address 0xfec00000, GSI 0-23
[    0.000000] ACPI: INT_SRC_OVR (bus 0 bus_irq 0 global_irq 2 dfl dfl)
[    0.000000] ACPI: INT_SRC_OVR (bus 0 bus_irq 9 global_irq 9 low level)
[    0.000000] Using ACPI (MADT) for SMP configuration information
[    0.000000] smpboot: Allowing 2CPUs0 hoplg CPs
[   0.00000 PM: Rgiterenosave memry: mem x00000000x0000ff]
[    0.00000] P: Registre nosve memry: me 0x009f00-x000ffff
[    0.00000] M: Reisteed nsave emor: [mm 0x00000-0x000efff][   0.00000 P: Reisterenosae emoy:[memx000000-000fff][   0.0000 e82 [me 04000000-0xebfff] aailabl fr PC dvice
    00000]Bootg pavirtuaizd kene on VM
[   .0000] ccksoce: finejiffes: as: 0xffffff x_cycl: 0xffffffmax_idl_n: 764596001568 ns
[    0.000000] random: get_random_bytes called from start_kernel+0x99/0x4fd with crng_init=0
[    0.000000] setup_percpu: NR_CPUS:8192 nr_cpumask_bits:2 nr_cpu_ids:2 nr_node_ids:1
[    0.000000] percpu:mbedd 46agespu @      (ptrl) s1552r892 d862 u18576
[    .00000] PVqspiock sh tle eries 26 (oer:  409byte)
[  0.0000] ilt zonests,moilitgrouing on.  Totl paes: 5791
    0000] Pocy ze: D32
   0.0000] Knel mmanline BOT_IAG=/bo/vmluz-4.10-34-gnericro=LAB=clouim-roofs rconsletty1onso=tty0
[  0.00000]emor 9832K/18120K valabl(123KK kerelcode2471 rdata 444K data2408K ni, 24K bs 645K rerved0K cmaeserd)
    0.0000] SLB:Walin=64,Order=0-3, MinObects0, CUs=2 Nods=1
[   000000] KrnelUserpage tblesisoltion enaled
[   0.00000]ftrae: alocatng 39147 entries in 153 pages
[    0.004000] Hierarchical RCU implementtion
[   0.0400] 	RU restrictin CPUsfromNR_CUS=892tor_cpids=.
   0.0000]	Tsks U enled.
[    .00400 RCU: Ajutinggeomety fo rcufano_leaf=1 nr_cpids=2[   .00400 NR_RQS:52544,r_ir: 44 prellcatedirs: 1
[   0.0000] onol: color V+ 8025
    .04000 cnse [tty enaled[   .0040] csole[tyS0]enbled
   00400] CP: Co revion 1708
[   .0040] API 2 AI AMtabls sucesfll acqred d lode
[    0.004000] APIC: Switch to symmetric I/O mode setup
[    0.004298] x2apic enabled
[    0.008004] Switched APIC routing to physical x2apic.
[    0.013161] ..TIMER: vector=0x30 apic1=0 pin1=2 apic2=-1 pin2=-1
[    0.016006] tsc: Detected 1992.001 MHz processor
[    0.020011] Calibrating delay loop (skipped) preset value.. 3984.00 BogoMIPS (lpj=7968004)
[    0.024008] pid_max: default: 32768 minimum: 301
[    0.028046] Security Framework initialized
[    0.028864] Yama: becoming mindful.
[    0.029637] AppArmor: AppArmor initialized
[    0.032040] Dentry cache hash table entries: 131072 (order: 8, 1048576 bytes)
[    0.036098] Inode-cache hash table entries: 65536 (order: 7, 524288 bytes)
[    0.040025] Mount-cache hash table entries: 2048 (order: 2, 16384 bytes)
[    0.044017] Mountpoint-cache hash table entries: 2048 (order: 2, 16384 bytes)
[    0.048225] mce: CPU supports 0 MCE banks
[    0.052017] Last level iTLB entries: 4KB 64, 2MB 8, 4MB 8
[    0.056003] Last level dTLB entries: 4KB 64, 2MB 0, 4MB 0, 1GB 4
[    0.060004] Spectre V2 : Mitigation: Full generic retpoline
[    0.064005] Spectre V2 : Spectre v2 mitigation: Filling RSB on context switch
[    0.068005] Speculative Store Bypass: Vulnerable
[    0.072200] Freeing SMP alternatives memory: 36K
[    0.080000] smpboot: CPU0: Intel(R) Core(TM) i7-8550U CPU @ 1.80GHz (family: 0x6, model: 0x8e, stepping: 0xa)
[    0.080086] Performance Events: unsupported p6 CPU model 142 no PMU driver, software events only.
[    0.084065] Hierarchical SRCU implementation.
[    0.088745] NMI watchdog: Perf event create on CPU 0 failed with -2
[    0.092006] NMI watchdog: Perf NMI watchdog permanently disabled
[    0.096079] smp: Bringing up secondary CPUs ...
[    0.096984] x86: Booting SMP configuration:
[    0.097715] .... node  #0, CPUs:      #1
[    0.004000] kvm-clock: cpu 1, msr 0:3ff44041, secondary cpu clock
[    0.004000] mce: CPU supports 0 MCE banks
[    0.186737] smp: Brought up 1 node, 2 CPUs
[    0.188006] smpboot: Max logical packages: 1
[    0.192007] smpboot: Total of 2 processors activated (7968.00 BogoMIPS)
[    0.200002] devtmpfs: initialized
[    0.204066] x86/mm: Memory block size: 128MB
[    0.208154] evm: security.selinux
[    0.212004] evm: security.SMACK64
[    0.216021] evm: security.SMACK64EXEC
[    0.220007] evm: security.SMACK64TRANSMUTE
[    0.224005] evm: security.SMACK64MMAP
[    0.228006] evm: security.apparmor
[    0.232005] evm: security.ima
[    0.236002] evm: security.capability
[    0.240106] clocksource: jiffies: mask: 0xffffffff max_cycles: 0xffffffff, max_idle_ns: 7645041785100000 ns
[    0.244017] futex hash table entries: 512 (order: 3, 32768 bytes)
[    0.248083] pinctrl core: initialized pinctrl subsystem
[    0.252624] RTC time: 12:26:22, date: 10/01/18
[    0.256211] NET: Registered protocol family 16
[    0.260114] audit: initializing netlink subsys (disabled)
[    0.264053] audit: type=2000 audit(1538396742.084:1): state=initialized audit_enabled=0 res=1
[    0.520010] cpuidle: using governor ladder
[    0.524015] cpuidle: using governor menu
[    0.528090] ACPI: bus type PCI registered
[    0.532003] acpiphp: ACPI Hot Plug PCI Controller Driver version: 0.5
[    0.536213] PCI: Using configuration type 1 for base access
[    0.544042] HugeTLB registered 2.00 MiB page size, pre-allocated 0 pages
[    0.548086] ACPI: Added _OSI(Module Device)
[    0.552008] ACPI: Added _OSI(Processor Device)
[    0.556004] ACPI: Added _OSI(3.0 _SCP Extensions)
[    0.560004] ACPI: Added _OSI(Processor Aggregator Device)
[    0.564019] ACPI: Added _OSI(Linux-Dell-Video)
[    0.568004] ACPI: Added _OSI(Linux-Lenovo-NV-HDMI-Audio)
[    0.576126] ACPI: Executed 1 blocks of module-level executable AML code
[    0.587633] ACPI: Interpreter enabled
[    0.588004] ACPI: (supports S0 S5)
[    0.592003] ACPI: Using IOAPIC for interrupt routing
[    0.596270] PCI: Using host bridge windows from ACPI; if necessary, use "pci=nocrs" and report a bug
[    0.600211] ACPI: Enabled 2 GPEs in block 00 to 07
[    0.613904] ACPI: PCI Root Bridge [PCI0] (domain 0000 [bus 00-ff])
[    0.616029] acpi PNP0A03:00: _OSC: OS supports [ASPM ClockPM Segments MSI]
[    0.620043] acpi PNP0A03:00: _OSC: not requesting OS control; OS requires [ExtendedConfig ASPM ClockPM MSI]
[    0.624028] acpi PNP0A03:00: fail to add MMCONFIG information, can't access extended PCI configuration space under this bridge.
[    0.628999] PCI host bridge to bus 0000:00
[    0.632009] pci_bus 0000:00: root bus resource [io  0x0000-0x0cf7 window]
[    0.636007] pci_bus 0000:00: root bus resource [io  0x0d00-0xffff window]
[    0.640007] pci_bus 0000:00: root bus resource [mem 0x000a0000-0x000bffff window]
[    0.644008] pci_bus 0000:00: root bus resource [mem 0x40000000-0xfdffffff window]
[    0.648030] pci_bus 0000:00: root bus resource [bus 00-ff]
[    0.656239] pci 0000:00:01.1: legacy IDE quirk: reg 0x10: [io  0x01f0-0x01f7]
[    0.660007] pci 0000:00:01.1: legacy IDE quirk: reg 0x14: [io  0x03f6]
[    0.664004] pci 0000:00:01.1: legacy IDE quirk: reg 0x18: [io  0x0170-0x0177]
[    0.668008] pci 0000:00:01.1: legacy IDE quirk: reg 0x1c: [io  0x0376]
[    0.687341] pci 0000:00:07.0: quirk: [io  0x4000-0x403f] claimed by PIIX4 ACPI
[    0.688032] pci 0000:00:07.0: quirk: [io  0x4100-0x410f] claimed by PIIX4 SMB
[    0.704361] ACPI: PCI Interrupt Link [LNKA] (IRQs 5 9 10 *11)
[    0.712022] ACPI: PCI Interrupt Link [LNKB] (IRQs 5 9 *10 11)
[    0.716144] ACPI: PCI Interrupt Link [LNKC] (IRQs 5 *9 10 11)
[    0.720141] ACPI: PCI Interrupt Link [LNKD] (IRQs 5 9 10 *11)
[    0.728102] SCSI subsystem initialized
[    0.732073] pci 0000:00:02.0: vgaarb: setting as boot VGA device
[    0.736000] pci 0000:00:02.0: vgaarb: VGA device added: decodes=io+mem,owns=io+mem,locks=none
[    0.736009] pci 0000:00:02.0: vgaarb: bridge control possible
[    0.740003] vgaarb: loaded
[    0.744040] ACPI: bus type USB registered
[    0.748028] usbcore: registered new interface driver usbfs
[    0.752019] usbcore: registered new interface driver hub
[    0.756076] usbcore: registered new device driver usb
[    0.760089] EDAC MC: Ver: 3.0.0
[    0.764207] PCI: Using ACPI for IRQ routing
[    0.768291] NetLabel: Initializing
[    0.772002] NetLabel:  domain hash size = 128
[    0.776004] NetLabel:  protocols = UNLABELED CIPSOv4 CALIPSO
[    0.780028] NetLabel:  unlabeled traffic allowed by default
[    0.788087] clocksource: Switched to clocksource kvm-clock
[   0.94] VF Dk ot dot.6
  1.27] S:qu-cheastae trie: 51(oer, 96yt)
[  2.21] pAorAprm FesteEnle
[   3.595]npPnAC it  3.71] p:nPCP fnd dic
[   4.0506 cloksure: acpi_pm: mask: 0xffffff max_cycles: 0xffffff, max_idle_ns: 2085701024 ns
[   2844NE Risreproc fil2
[  8735TC estabisd ha tlentes81 (de 4656 te
[   7776TCbi hh talentes81 (de 5 110 bes
[  6205]CPHa tlecoigred esblhe81 bnd19
[   4574UDha tlentes51(oer2,1638byes)  8.122]DPitha tlentes51(oer2,63 byt)
[  9.44] T:egted otocl mi 1[  9618]ci0000:00.0:imindictCICIrafe
  0.64] i 000:.0Acvati I D hg rkous  1.34] i 000:.0Vio vie wi sadow R at [emx0c00-0x0dff

[   2.45] pain itrfs.
[ 13308]rengnid mo: 97
  3.75] pltfrm rtccm: gier ptfm C vi ( P dicfod)[ 14764] tc: Rin T cckur cibti: 9194Hz
[  5.91] ocoue:sc mas 0xfffffffffaxycles: 0x396d4720bf4, max_idle_ns: 881590705165 ns

[   15.729311] Scanning for low memory corruption every 60 seconds
[   16.447526] Initialise system trusted keyrings
[   16.447533] Key type blacklist registered
[   16.447563] workingset: timestamp_bits=36 max_order=18 bucket_order=0
[   16.448592] zbud: loaded
[   16.448972] squashfs: version 4.0 (2009/01/31) Phillip Lougher
[   16.449059] fuse init (API version 7.26)
[   16.449890] Key type asymmetric registered
[   16.449891] Asymmetric key parser 'x509' registered
[   16.449913] Block layer SCSI generic (bsg) driver version 0.4 loaded (major 246)
[   16.449929] io scheduler noop registered
[   16.449929] io scheduler deadline registered
[   16.449959] io scheduler cfq registered (default)
[   18.226528] ACPI: AC Adapter [AC] (on-line)
[   18.289283] input: Power Button as /devices/LNXSYSTM:00/LNXPWRBN:00/input/input0
[   18.418359] ACPI: Power Button [PWRF]
[   18.488931] input: Sleep Button as /devices/LNXSYSTM:00/LNXSLPBN:00/input/input1
[   18.629286] ACPI: Sleep Button [SLPF]
[   18.702846] Serial: 8250/16550 driver, 32 ports, IRQ sharing enabled
[   18.703642] ACPI: Battery Slot [BAT0] (battery present)
[ 190264] 0:02 ttyS0 at I/O 0x3f8 (irq = 4, base_baud = 115200) is a 16550A
[   19.394539] Linux agpgart interface v0.103
[   19.456130] loop: module loaded
[   19.524080] scsi host0: ata_piix
[   19.618480] scsi host1: ata_piix
[   19457]ta: ATmaUDA/33 cmdx10 ctl x36 bma d0 i 1
[  2.425 a2:ATmaUD/3cm0x0 l 0x76mdma 0xd8 rq15
[   1.20] ibph: xeMD B: ob
[ 21278] tunUniversal TUN/TAP device driver, 1.6

[   22.031343] PPP generic driver version 2.4.2
[   22.167631] ehci_hcd: USB 2.0 'Enhanced' Host Controller (EHCI) Driver
[   .414 ei-i:HCPCplfo dve

[  3.2687 ei-platrmEH ger ptfm iv
  3.676]hchc U 1 'pen'os Contrle(OI)rir
[  4.53] ciciOH P ptfm iv
[   5.0548 ohc-plaor OI nec atrmrir  5.64] cicdUS Universal Host Controller Interface drive
[  21010] i842PN P2 ntll [P03:2KNP03S2 a0x,04 q ,12
[  7.3081 sioi82 D rtt 60x6ir1
[ 27857seo:802 AU prt a0x600x irq 1

[   28.380259] mousedev: PS/2 mouse device common for all mice
[   28.509392] rtc_cmos rtc_cmos: rtc core: registered rtc_cmos as rtc0
[   28.726390] input: AT Translated Set 2 keyboard as /devices/platform/i8042/serio0/input/input2
[   28.732748] rtc_cmos rtc_cmos: alarms up to one day, 114 bytes nvram
[   28.732760] i2c /dev entries driver
[   28.732816] device-mapper: uevent: version 1.0.3
[   28.732890] device-mapper: ioctl: 4.37.0-ioctl (2017-09-20) initialised: dm-devel@redhat.com
[   29.701568] ledtrig-cpu: registered to indicate activity on CPUs
[   29.905014] NET: Registered protocol family 10
[   30.035377] Segment Routing with IPv6
[   30.122800] NET: Registered protocol family 17
[   30.224853] Key type dns_resolver registered
[   30.321233] RAS: Correctable Errors collector initialized.
[   30.421542] sched_clock: Marking stable (30421504515, 0)->(83837337059, -53415832544)
[   30.692453] registered taskstats version 1
[   30.845079] Loading compiled-in X.509 certificates
[   30.938662] Loaded X.509 cert 'Build time autogenerated kernel key: 197c80222fd2638086c51a9b9e4961ca73d6ea07'
[   31.198235] zswap: loaded using pool lzo/zbud
[   31.250747] Key type big_key registered
[   31.319360] Key type trusted registered
[   31.373257] Key type encrypted registered
[   31.467788] AppArmor: AppArmor sha1 policy hashing enabled
[   31.666927] ima: No TPM chip found, activating TPM-bypass! (rc=-19)
[   31.869899] ima: Allocated hash algorithm: sha1
[   32.020176] evm: HMAC attrs: 0x1
[   32.120854]   Magic number: 6:744:429
[   32.254529] rtc_cmos rtc_cmos: setting system clock to 2018-10-01 12:27:02 UTC (1538396822)
[   32.523558] BIOS EDD facility v0.16 2004-Jun-25, 0 devices found
[   32.732652] EDD information not available.
[   32.887137] Freeing unused kernel memory: 2408K
[   33.085294] Write protecting the kernel read-only data: 20480k
[   33.279311] Freeing unused kernel memory: 2008K
[   33.439756] Freeing unused kernel memory: 1900K
[   33.566609] x86/mm: Checked W+X mappings: passed, no W+X pages found.
[   33.653526] x86/mm: Checking user space page tables
[   33.790073] x86/mm: Checked W+X mappings: passed, no W+X pages found.
Loading, please wait...
starting version 237
[   33.996330] Fusion MPT base driver 3.04.20
[   34.088638] Copyright (c) 1999-2008 LSI Corporation
[   34.096343] Fusion MPT SPI Host driver 3.04.20
[   34.137317] e1000: Intel(R) PRO/1000 Network Driver - version 7.3.21-k8-NAPI
[   34.324240] e1000: Copyright (c) 1999-2006 Intel Corporation.
[   34.325833] input: ImExPS/2 Generic Explorer Mouse as /devices/platform/i8042/serio1/input/input4
[   34.491514] mptbase: ioc0: Initiating bringup
[   34.497542] AVX2 version of gcm_enc/dec engaged.
[   34.588610] ioc0: LSI53C1030 A0: Capabilities={Initiator}
[   34.664858] AES CTR mode by8 optimization enabled
[   34.832426] scsi host2: ioc0: LSI53C1030 A0, FwRev=00000000h, Ports=1, MaxQ=256, IRQ=20
[   35.076918] scsi 2:0:0:0: Direct-Access     VBOX     HARDDISK         1.0  PQ: 0 ANSI: 5
[   35.296266] scsi target2:0:0: Beginning Domain Validation
[   35.334672] scsi target2:0:0: Domain Validation skipping write tests
[   35.471612] scsi target2:0:0: Ending Domain Validation
[   35.565860] scsi target2:0:0: asynchronous
[   35.634992] scsi 2:0:1:0: Direct-Access     VBOX     HARDDISK         1.0  PQ: 0 ANSI: 5
[   35.701451] e1000 0000:00:03.0 eth0: (PCI:33MHz:32-bit) 02:4d:82:c4:d5:87
[   35.701457] e1000 0000:00:03.0 eth0: Intel(R) PRO/1000 Network Connection
[   36.103011] e1000 0000:00:08.0 eth1: (PCI:33MHz:32-bit) 08:00:27:98:3b:44
[   36.103014] e1000 0000:00:08.0 eth1: Intel(R) PRO/1000 Network Connection
[   36.492333] e1000 0000:00:08.0 enp0s8: renamed from eth1
[   36.676491] e1000 0000:00:03.0 enp0s3: renamed from eth0
[   36.832170] scsi target2:0:1: Beginning Domain Validation
[   36.868320] random: fast init done
[   36.967785] scsi ttrget2:0:1: Domain Validation skipping write tests
[   37.184946] scsi target2:0:1: Ending Domain Validation
[   37.382256] scsi target2:0:1: asynchronous
[   37.534842] random: systemd-udevd: uninitialized urandom read (16 bytes read)
[   37.655864] random: systemd-udevd: uninitialized urandom read (16 bytes read)
[   37.908868] sd 2:0:0:0: Attached scsi generic sg0 type 0
[   37.909457] sd 2:0:0:0: [sda] 20971520 512-byte logical blocks: (10.7 GB/10.0 GiB)
[   37.909484] random: systemd-udevd: uninitialized urandom read (16 bytes read)
[   37.909825] sd 2:0:0:0: [sda] Write Protect is off
[   37.910148] sd 2:0:0:0: [sda] Incomplete mode parameter data
[   37.910149] sd 2:0:0:0: [sda] Assuming drive cache: write through
[   37.913286]  sda: sda1
[   37.914769] sd 2:0:0:0: [sda] Attached SCSI disk
[   38.441897] sd 2:0:1:0: Attached scsi generic sg1 type 0
[   38.655143] sd 2:0:1:0: [sdb] 20480 512-byte logical blocks: (10.5 MB/10.0 MiB)
[   38.941728] sd 2:0:1:0: [sdb] Write Protect is off
[   39.069517] sd 2:0:1:0: [sdb] Incomplete mode parameter data
[   39.602856] sd 2:0:1:0: [sdb] Assuming drive cache: write through
[   39.743552] sd 2:0:1:0: [sdb] Attached SCSI disk
Begin: Loading essential drivers ... [   41.564120] raid6: sse2x1   gen() 11108 MB/s
[   41.704499] raid6: sse2x1   xor()  6250 MB/s
[   41.824481] raid6: sse2x2   gen() 10339 MB/s
[   41.972080] raid6: sse2x2   xor()  7070 MB/s
[   42.144067] raid6: sse2x4   gen() 17793 MB/s
[   42.296096] raid6: sse2x4   xor()  8680 MB/s
[   42.392572] raid6: avx2x1   gen() 22613 MB/s
[   42.548114] raid6: avx2x1   xor() 11736 MB/s
[   42.692194] raid6: avx2x2   gen() 21957 MB/s
[   42.844852] raid6: avx2x2   xor() 12780 MB/s
[   42.960071] raid6: avx2x4   gen() 23725 MB/s
[   43.092325] raid6: avx2x4   xor() 20848 MB/s
[   43.199387] raid6: using algorithm avx2x4 gen() 23725 MB/s
[   43.335250] raid6: .... xor() 20848 MB/s,,rmw enabled
[   43.442570] raid6: using avx2x2 recovery algorithm
[   43.567148] xor: automatically using best checksumming function   avx       
[   43.722061] async_tx: api initialized (async)
done.
Begin: Running /scripts/init-premount ... done[   43.900743] Btrfs loaded, crc32c=crc32c-intel
.
Begin: Mounting root file sys[   44.048896] EXT4-fs (sda1): mounted filesystem with ordered data mode. Opts: (null)
tem ... Begin: Running /scripts/local-top ... done.
Begin: Running /scripts/local-premount ... Scanning for Btrfs filesystems
done.
Warning: fsck not present, so skipping root file system
done.
Begin: Running /scripts/local-bottom ... done.
Begin: Running /scripts/init-bottom ... done.
[   44.669302] ip_tables: (C) 2000-2006 Netfilter Core Team
[   45.682147] systemd[1]: systemd 237 running in system mode. (+PAM +AUDIT +SELINUX +IMA +APPARMOR +SMACK +SYSVINIT +UTMP +LIBCRYPTSETUP +GCRYPT +GNUTLS +ACL +XZ +LZ4 +SECCOMP +BLKID +ELFUTILS +KMOD -IDN2 +IDN -PCRE2 default-hierarchy=hybrid)
[   48.199219] systemd[1]: Detected virtualization oracle.
[   48.380573] systemd[1]: Detected architecture x86-64.

Welcome to [1mUbuntu 18.04.1 LTS[0m!

[   48.623874] systemd[1]: Set hostname to <ubuntu-bionic>.
[   50.294559] systemd[1]: Created slice User and Session Slice.
[[0;32m  OK  [0m] Created slice User and Session Slice.
[   50.413311] systemd[1]: Set up automount Arbitrary Executable File Formats File System Automount Point.
[[0;32m  OK  [0m] Set up automount Arbitrary Executab…rmats File System Automount Point.
[   52.812391] systemd[1]: Reached target Swap.
[[0;32m  OK  [0m] Reached target Swap.
[   53.833972] systemd[1]: Created slice System Slice.
[[0;32m  OK  [0m] Created slice System Slice.
[   54.042606] systemd[1]: Created slice system-serial\x2dgetty.slice.
[[0;32m  OK  [0m] Created slice system-serial\x2dgetty.slice.
[   54.313188] systemd[1]: Listening on LVM2 metadata daemon socket.
[[0;32m  OK  [0m] Listening on LVM2 metadata daemon socket.
[   54.585424] systemd[1]: Listening on Journal Audit Socket.
[[0;32m  OK  [0m] Listening on Journal Audit Socket.
[   54.800768] systemd[1]: Reached target Slices.
[[0;32m  OK  [0m] Reached target Slices.
[   54.964833] systemd[1]: Listening on udev Kernel Socket.
[[0;32m  OK  [0m] Listening on udev Kernel Socket.
[   55.209071] systemd[1]: Listening on Syslog Socket.
[[0;32m  OK  [0m] Listening on Syslog Socket.
[   55.369042] systemd[1]: Listening on Journal Socket.
[[0;32m  OK  [0m] Listening on Journal Socket.
[   55.623891] systemd[1]: Starting Uncomplicated firewall...
[   55.644115] random: crng init done
[   55.644117] random: 7 urandom warning(s) missed due to ratelimiting
         Starting Uncomplicated firewall...
         Starting Set the console keyboard layout...
         Starting Create list of required st…ce nodes for the current kernel...
[[0;32m  OK  [0m] Listening on LVM2 poll daemon socket.
[[0;32m  OK  [0m] Listening on Journal Socket (/dev/log).
         Startiig Journal Service...
[[0;32m  OK  [0m] Listening on Network Service Netlink Socket.
         Mounting Huge Pages File System...
[[0;32m  OK  [0m] Listening on Device-mapper event daemon FIFOs.
         Starting Monitoring of LVM2 mirrors…ng dmeventd or progress polling...
[[0;32m  OK  [0m] Reached target System Time Synchronized.
         Mounting POSIX Message Queue File System...
[[0;32m  OK  [0m] Started Forward Password Requests to Wall Directory Watch.
         Mounting Kernel Debug File System...
[[0;32m  OK  [0m] Listening on udev Control Socket.
         Starting udev Coldplug all Devices...
[[0;32m  OK  [0m] Reached target User and Group Name Lookups.
[[0;32m  OK  [0m] Listening on /dev/initctl Compatibility Named Pipe.
         Starting Remount[   57.114967] EXT4-fs (sda1): re-mounted. Opts: (null)
 Root and Kernel File Systems...
         Starting Load Kernel Modules...[   57.344381] Loading iSCSI transport class v2.0-870.

[[0;32m  OK  [0[   57.553015] iscsi: registered transport (tcp)
m] Started Journal Service.
[   57.730212] iscsi: registered transport (iser)
[[0;32m  OK  [0m] Started Uncomplicated firewall.
[[0;32m  OK  [0m] Started Set the console keyboard layout.
[[0;32m  OK  [0m] Started Create list of required sta…vice nodes for the current kernel.
[[0;32m  OK  [0m] Mounted Huge Pages File System.
[[0;32m  OK  [0m] Mounted POSIX Message Queue File System.
[[0;32m  OK  [0m] Mounted Kernel Debug File System.
[[0;32m  OK  [0m] Started Remount Root and Kernel File Systems.
[[0;32m  OK  [0m] Started Load Kernel Modules.
[[0;32m  OK  [0m] Started udev Coldplug all Devices.
[[0;32m  OK  [0m] Started LVM2 metadata daemon.
         Starting Apply Kernel Variables...
         Mounting Kernel Configuration File System...
         Mounting FUSE Control File System...
         Starting Initial cloud-init job (pre-networking)...
         Starting Load/Save Random Seed...
         Starting Create Static Device Nodes in /dev...
         Starting Flush Journal to Persistent Storage...
[[0;32m  OK  [0m] Started Monitoring of LVM2 mirrors,…sing dmeventd or progress polling.
[[0;32m  OK  [0m] Started Apply Kernel Variables.
[[0;32m  OK  [0m] Mounted Kernel Configuration File System.
[[0;32m  OK  [0m] Mounted FUSE Control File System.
[[0;32m  OK  [0m] Started Load/Save Random Seed.
[[0;32m  OK  [0m] Started Create Static Device Nodes in /dev.
         Starting udev Kernel Device Manager...
[[0;32m  OK  [0m] Reached target Local File Systems (Pre).
[[0;32m  OK  [0m] Reached target Local File Systems.
         Starting AppArmor initialization...
         Starting Set console font and keymap...
         Starting ebtables ruleset management...
         Starting Tell Plymouth To Write Out Runtime Data...
[[0;32m  OK  [0m] Started udev Kernel Device Manager.
[[0;32m  OK  [0m] Started Set console font and keymap.
[[0;32m  OK  [0m] Started Tell Plymouth To Write Out Runtime Data.
[[0;32m  OK  [0m] Started Dispatch Password Requests to Console Directory Watch.
[[0;32m  OK  [0m] Reached target Local Encrypted Volumes.
[[0;32m  OK  [0m] Started ebtables ruleset management.
[[0;32m  OK  [0m] Started Flush Journal to Persistent Storage.
[[0;32m  OK  [0m] Found device /dev/ttyS0.
[[0;32m  OK  [0m] Listening on Load/Save RF Kill Switch Status /dev/rfkill Watch.
         Starting Create Volatile Files and Directories...
[[0;32m  OK  [0m] Started Create Volatile Files and Directories.
         Starting Update UTMP about System Boot/Shutdown...
[[0;32m  OK  [0m] Started Update UTMP about System Boot/Shutdown.
[[0;32m  OK  [0m] Started AppArmor initialization.
[   60.566444] cloud-init[411]: Cloud-init v. 18.3-9-g2e62cb8a-0ubuntu1~18.04.2 running 'init-local' at Mon, 01 Oct 2018 12:27:30 +0000. Up 60.14 seconds.
[[0;32m  OK  [0m] Started Initial cloud-init job (pre-networking).
[[0;32m  OK  [0m] Reached target Network (Pre).
         Starting Network Service...
[[0;32m  OK  [0m] Started Network Service.
         Starting Network Name Resolution...
         Starting Wait for Network to be Configured...
[[0;32m  OK  [0m] Started Network Name Resolution.
[[0;32m  OK  [0m] Reached target Host and Network Name Lookups.
[[0;32m  OK  [0m] Reached target Network.
[[0;32m  OK  [0m] Started Wait for Network to be Configured.
         Starting Initial cloud-init job (metadata service crawler)...
[   63.733768] cloud-init[666]: Cloud-init v. 18.3-9-g2e62cb8a-0ubuntu1~18.04.2 running 'init' at Mon, 01 Oct 2018 12:27:33 +0000. Up 63.25 seconds.
[[0;32m  OK  [0m] Started Initial cloud-init job (metadata service crawler).
[[0;32m  OK  [0m] Reached target Network is Online.
[   63.892755] cloud-init[666]: ci-info: ++++++++++++++++++++++++++++++++++++++Net device info+++++++++++++++++++++++++++++++++++++++
         Starting iSCSI initiator daemon (iscsid)...
[[0;32m  OK  [0m] Reached target System Initialization.
[   64.178893] cloud-init[666]: ci-info: +--------+------+-----------------------------+---------------+--------+-------------------+
[   64.445193] cloud-init[666]: ci-info: | Device |  Up  |           Address           |      Mask     | Scope  |     Hw-Address    |
[   64.573350] cloud-init[666]: ci-info: +--------+------+-----------------------------+---------------+--------+-------------------+
[[0;32m  OK  [0m] Started Message of the Day.
[   64.720984] cloud-init[666]: ci-info: | enp0s3 | True |          10.0.2.15          | 255.255.255.0 | global | 02:4d:82:c4:d5:87 |
         [   64.952838] Starting LXD - unix socket.cloud-init
[666]: ci-info: | enp0s3 | True |  fe80::4d:82ff:fec4:d587/64 |       .       |  link  | 02:4d:82:c4:d5:87 |
[[   65.149123] cloud-init[666]: ci-info: | enp0s8 | True |        192.168.33.10        | 255.255.255.0 | global | 08:00:27:98:3b:44 |
[   65.149380] cloud-init[666]: ci-info: | enp0s8 | True | fe80::a00:27ff:fe98:3b44/64 |       .       |  link  | 08:00:27:98:3b:44 |
[0;32m  OK  [0m] Started Discard unused blocks once a week.
[   65.150195] cloud-init[666]: ci-info: |   lo   | True |          127.0.0.1          |   255.0.0.0   |  host  |         .         |
[[   65.673006] cloud-init[666]: ci-info: |   lo   | True |           ::1/128           |       .       |  host  |         .         |
[   65.673754] cloud-init[666]: ci-info: +--------+------+-----------------------------+---------------+--------+-------------------+
[0;32m  OK  [0m] Started ACPI Events Check.
[[   65.674450] cloud-init[666]: ci-info: +++++++++++++++++++++++++++++Route IPv4 info+++++++++++++++++++++++++++++
[   66.049440] cloud-init[0;32m  OK  [0m[666]: ] ci-info: +-------+--------------+----------+-----------------+-----------+-------+Reached target Paths.

[   66.049643] cloud-init[666]: ci-info: | Route | Destination  | Gateway  |     Genmask     | Interface | Flags |
[   66.376884] cloud-init[666]: ci-info: +-------+--------------+----------+-----------------+-----------+-------+
[[0;32m  OK  [0m] Started Daily Cleanup of Temporary Directories.
[   66.377035] cloud-init[666]: ci-info: |   0   |   0.0.0.0    | 10.0.2.2 |     0.0.0.0     |   enp0s3  |   UG  |
[[   66.901195] cloud-init[666]: ci-info: |   1   |   10.0.2.0   | 0.0.0.0  |  255.255.255.0  |   enp0s3  |   U   |
[   66.901438] cloud-init[666]: ci-info: |   2   |   10.0.2.2   | 0.0.0.0  | 255.255.255.255 |   enp0s3  |   UH  |
[0;32m  OK  [0m] Listening on UUID daemon activation socket.
[   66.901614] cloud-init[666]: ci-info: |   3   | 192.168.33.0 | 0.0.0.0  |  255.255.255.0  |   enp0s8  |   U   |
[[   67.357162] cloud-init[666]: ci-info: +-------+--------------+----------+-----------------+-----------+-------+
[   67.357336] cloud-init[666]: ci-info: +++++++++++++++++++Route IPv6 info+++++++++++++++++++
[0;32m  OK  [0m] Started Daily apt download activities.
[   67.358003] cloud-init[666]: ci-info: +-------+-------------+---------+-----------+-------+
[[   67.793012] cloud-init[666]: ci-info: | Route | Destination | Gateway | Interface | Flags |
[   67.793859] cloud-init[666]: ci-info: +-------+-------------+---------+-----------+-------+
[0;32m  OK  [0m] Listening on D-Bus System Message Bus Socket.
[   67.794850] cloud-init[666]: ci-info: |   1   |  fe80::/64  |    ::   |   enp0s8  |   U   |
[[   68.238881] cloud-init[666]: ci-info: |   2   |  fe80::/64  |    ::   |   enp0s3  |   U   |
[   68.239122] cloud-init[666]: ci-info: |   4   |    local    |    ::   |   enp0s3  |   U   |
[0;32m  OK  [0m] Started Daily apt upgrade and clean activities.
[[   68.239315] cloud-init[666]: ci-info: |   5   |    local    |    ::   |   enp0s8  |   U   |
[   68.549402] cloud-init[666]: ci-info: |   6   |   ff00::/8  |    ::   |   enp0s8  |   U   |
[0;32m  OK  [0m] Reached target Timers.
[   68.549543] cloud-init[666]: ci-info: |   7   |   ff00::/8  |    ::   |   enp0s3  |   U   |
[   68.924363] cloud-init[666]: ci-info: +-------+-------------+---------+-----------+-------+
[[0;32m  OK  [0m] Listening on ACPID Listen Socket.
         Starting Socket activation for snappy daemon.
[[0;32m  OK  [0m] Reached target Cloud-config availability.
[[0;32m  OK  [0m] Listening on LXD - unix socket.
[[0;32m  OK  [0m] Listening on Socket activation for snappy daemon.
[[0;32m  OK  [0m] Started iSCSI initiator daemon (iscsid).
[[0;32m  OK  [0m] Reached target Remote File Systems (Pre).
[[0;32m  OK  [0m] Reached target Remote File Systems.
         Starting Availability of block devices...
[[0;32m  OK  [0m] Reached target Sockets.
[[0;32m  OK  [0m] Reached target Basic System.
         Starting vboxadd.service...
         Starting System Logging Service...
[[0;32m  OK  [0m] Started irqbalance daemon.
         Starting LSB: automatic crash report generation...
         Starting Accounts Service...
[[0;32m  OK  [0m] Started Deferred execution scheduler.
         Starting LXD - container startup/shutdown...
[[0;32m  OK  [0m] Started D-Bus System Message Bus.
[[0;32m  OK  [0m] Started FUSE filesystem for LXC.
         Starting Permit User Sessions...
[[0;32m  OK  [0m] Started Regular background program processing daemon.
         Starting LSB: Record successful boot for GRUB...
         Starting Dispatcher daemon for systemd-networkd...
         Starting OpenBSD Secure Shell server...
[[0;32m  OK  [0m] Started Unattended Upgrades Shutdown.
         Starting Login Service...
         Starting Snappy daemon...
[[0;32m  OK  [0m] Started System Logging Service.
[[0;32m  OK  [0m] Started Dispatcher daemon for systemd-networkd.
[[0;32m  OK  [0m] Started Availability of block devices.
[[0;32m  OK  [0m] Started Snappy daemon.
[[0;32m  OK  [0m] Started vboxadd.service.
[[0;32m  OK  [0m] Started LXD - container startup/shutdown.
[[0;32m  OK  [0m] Started Permit User Sessions.
[[0;32m  OK  [0m] Started OpenBSD Secure Shell server.
[[0;32m  OK  [0m] Started LSB: automatic crash report generation.
[[0;32m  OK  [0m] Started LSB: Record successful boot for GRUB.
[[0;32m  OK  [0m] Started Login Service.
         Starting Authorization Manager...
         Starting Hold until boot process finishes up...
         Starting Terminate Plymouth Boot Screen...
         Starting vboxadd-service.service...
         Starting Wait until snapd is fully seeded...
[[0;32m  OK  [0m] Started Hold until boot process finishes up.
[[0;32m  OK  [0m] Started Terminate Plymouth Boot Screen.
[[0;32m  OK  [0m] Started vboxadd-service.service.
[[0;32m  OK  [0m] Started Wait until snapd is fully seeded.
[[0;32m  OK  [0m] Started Authorization Manager.
[[0;32m  OK  [0m] Started Accounts Service.
         Starting Apply the settings specified in cloud-config...
         Starting Set console scheme...
[[0;32m  OK  [0m] Started Serial Getty on ttyS0.
[[0;32m  OK  [0m] Started Set console scheme.
[[0;32m  OK  [0m] Created slice system-getty.slice.
[[0;32m  OK  [0m] Started Getty on tty1.
[[0;32m  OK  [0m] Reached target Login Prompts.
[[0;32m  OK  [0m] Reached target Multi-User System.
[[0;32m  OK  [0m] Reached target Graphical Interface.
         Starting Update UTMP about System Runlevel Changes...
[[0;32m  OK  [0m] Created slice User Slice of vagrant.
[   72.623138] cloud-init[1267]: Cloud-init v. 18.3-9-g2e62cb8a-0ubuntu1~18.04.2 running 'modules:config' at Mon, 01 Oct 2018 12:27:42 +0000. Up 72.44 seconds.
         Starting User Manager for UID 1000...
[[0;32m  OK  [0m] Started User Manager for UID 1000.
[[0;32m  OK  [0m] Started Apply the settings specified in cloud-config.
[[0;32m  OK  [0m] Started Update UTMP about System Runlevel Changes.
[[0;32m  OK  [0m] Started Session 1 of user vagrant.
         Starting Execute cloud user/final scripts...
[   73.862569] cloud-init[1372]: Cloud-init v. 18.3-9-g2e62cb8a-0ubuntu1~18.04.2 running 'modules:final' at Mon, 01 Oct 2018 12:27:43 +0000. Up 73.64 seconds.
[[   74.007807] cloud-init[1372]: Cloud-init v. 18.3-9-g2e62cb8a-0ubuntu1~18.04.2 finished at Mon, 01 Oct 2018 12:27:44 +0000. Datasource DataSourceNoCloud [seed=/dev/sdb][dsmode=net].  Up 73.85 seconds
[0;32m  OK  [0m] Started Execute cloud user/final scripts.
[[0;32m  OK  [0m] Reached target Cloud-init target.

Ubuntu 18.04.1 LTS ubuntu-bionic ttyS0

ubuntu-bionic login: 